Determining if the Q_WS_WIN exist failed with the following output:
Change Dir: /home/Lin/projects/MRCViewer/build/CMakeFiles/CMakeTmp

Run Build Command:/usr/bin/gmake "cmTryCompileExec1752801838/fast"
/usr/bin/gmake -f CMakeFiles/cmTryCompileExec1752801838.dir/build.make CMakeFiles/cmTryCompileExec1752801838.dir/build
gmake[1]: Entering directory '/home/Lin/projects/MRCViewer/build/CMakeFiles/CMakeTmp'
/usr/local/bin/cmake -E cmake_progress_report /home/Lin/projects/MRCViewer/build/CMakeFiles/CMakeTmp/CMakeFiles 1
Building CXX object CMakeFiles/cmTryCompileExec1752801838.dir/CheckSymbolExists.cxx.o
/usr/bin/c++     -o CMakeFiles/cmTryCompileExec1752801838.dir/CheckSymbolExists.cxx.o -c /home/Lin/projects/MRCViewer/build/CMakeFiles/CMakeTmp/CheckSymbolExists.cxx
/home/Lin/projects/MRCViewer/build/CMakeFiles/CMakeTmp/CheckSymbolExists.cxx: In function ‘int main(int, char**)’:
/home/Lin/projects/MRCViewer/build/CMakeFiles/CMakeTmp/CheckSymbolExists.cxx:8:19: error: ‘Q_WS_WIN’ was not declared in this scope
   return ((int*)(&Q_WS_WIN))[argc];
                   ^
CMakeFiles/cmTryCompileExec1752801838.dir/build.make:57: recipe for target 'CMakeFiles/cmTryCompileExec1752801838.dir/CheckSymbolExists.cxx.o' failed
gmake[1]: *** [CMakeFiles/cmTryCompileExec1752801838.dir/CheckSymbolExists.cxx.o] Error 1
gmake[1]: Leaving directory '/home/Lin/projects/MRCViewer/build/CMakeFiles/CMakeTmp'
Makefile:114: recipe for target 'cmTryCompileExec1752801838/fast' failed
gmake: *** [cmTryCompileExec1752801838/fast] Error 2

File /home/Lin/projects/MRCViewer/build/CMakeFiles/CMakeTmp/CheckSymbolExists.cxx:
/* */
#include <QtCore/qglobal.h>

int main(int argc, char** argv)
{
  (void)argv;
#ifndef Q_WS_WIN
  return ((int*)(&Q_WS_WIN))[argc];
#else
  (void)argc;
  return 0;
#endif
}

Determining if the Q_WS_QWS exist failed with the following output:
Change Dir: /home/Lin/projects/MRCViewer/build/CMakeFiles/CMakeTmp

Run Build Command:/usr/bin/gmake "cmTryCompileExec3432258273/fast"
/usr/bin/gmake -f CMakeFiles/cmTryCompileExec3432258273.dir/build.make CMakeFiles/cmTryCompileExec3432258273.dir/build
gmake[1]: Entering directory '/home/Lin/projects/MRCViewer/build/CMakeFiles/CMakeTmp'
/usr/local/bin/cmake -E cmake_progress_report /home/Lin/projects/MRCViewer/build/CMakeFiles/CMakeTmp/CMakeFiles 1
Building CXX object CMakeFiles/cmTryCompileExec3432258273.dir/CheckSymbolExists.cxx.o
/usr/bin/c++     -o CMakeFiles/cmTryCompileExec3432258273.dir/CheckSymbolExists.cxx.o -c /home/Lin/projects/MRCViewer/build/CMakeFiles/CMakeTmp/CheckSymbolExists.cxx
/home/Lin/projects/MRCViewer/build/CMakeFiles/CMakeTmp/CheckSymbolExists.cxx: In function ‘int main(int, char**)’:
/home/Lin/projects/MRCViewer/build/CMakeFiles/CMakeTmp/CheckSymbolExists.cxx:8:19: error: ‘Q_WS_QWS’ was not declared in this scope
   return ((int*)(&Q_WS_QWS))[argc];
                   ^
CMakeFiles/cmTryCompileExec3432258273.dir/build.make:57: recipe for target 'CMakeFiles/cmTryCompileExec3432258273.dir/CheckSymbolExists.cxx.o' failed
gmake[1]: *** [CMakeFiles/cmTryCompileExec3432258273.dir/CheckSymbolExists.cxx.o] Error 1
gmake[1]: Leaving directory '/home/Lin/projects/MRCViewer/build/CMakeFiles/CMakeTmp'
Makefile:114: recipe for target 'cmTryCompileExec3432258273/fast' failed
gmake: *** [cmTryCompileExec3432258273/fast] Error 2

File /home/Lin/projects/MRCViewer/build/CMakeFiles/CMakeTmp/CheckSymbolExists.cxx:
/* */
#include <QtCore/qglobal.h>

int main(int argc, char** argv)
{
  (void)argv;
#ifndef Q_WS_QWS
  return ((int*)(&Q_WS_QWS))[argc];
#else
  (void)argc;
  return 0;
#endif
}

Determining if the Q_WS_MAC exist failed with the following output:
Change Dir: /home/Lin/projects/MRCViewer/build/CMakeFiles/CMakeTmp

Run Build Command:/usr/bin/gmake "cmTryCompileExec4192680767/fast"
/usr/bin/gmake -f CMakeFiles/cmTryCompileExec4192680767.dir/build.make CMakeFiles/cmTryCompileExec4192680767.dir/build
gmake[1]: Entering directory '/home/Lin/projects/MRCViewer/build/CMakeFiles/CMakeTmp'
/usr/local/bin/cmake -E cmake_progress_report /home/Lin/projects/MRCViewer/build/CMakeFiles/CMakeTmp/CMakeFiles 1
Building CXX object CMakeFiles/cmTryCompileExec4192680767.dir/CheckSymbolExists.cxx.o
/usr/bin/c++     -o CMakeFiles/cmTryCompileExec4192680767.dir/CheckSymbolExists.cxx.o -c /home/Lin/projects/MRCViewer/build/CMakeFiles/CMakeTmp/CheckSymbolExists.cxx
/home/Lin/projects/MRCViewer/build/CMakeFiles/CMakeTmp/CheckSymbolExists.cxx: In function ‘int main(int, char**)’:
/home/Lin/projects/MRCViewer/build/CMakeFiles/CMakeTmp/CheckSymbolExists.cxx:8:19: error: ‘Q_WS_MAC’ was not declared in this scope
   return ((int*)(&Q_WS_MAC))[argc];
                   ^
CMakeFiles/cmTryCompileExec4192680767.dir/build.make:57: recipe for target 'CMakeFiles/cmTryCompileExec4192680767.dir/CheckSymbolExists.cxx.o' failed
gmake[1]: *** [CMakeFiles/cmTryCompileExec4192680767.dir/CheckSymbolExists.cxx.o] Error 1
gmake[1]: Leaving directory '/home/Lin/projects/MRCViewer/build/CMakeFiles/CMakeTmp'
Makefile:114: recipe for target 'cmTryCompileExec4192680767/fast' failed
gmake: *** [cmTryCompileExec4192680767/fast] Error 2

File /home/Lin/projects/MRCViewer/build/CMakeFiles/CMakeTmp/CheckSymbolExists.cxx:
/* */
#include <QtCore/qglobal.h>

int main(int argc, char** argv)
{
  (void)argv;
#ifndef Q_WS_MAC
  return ((int*)(&Q_WS_MAC))[argc];
#else
  (void)argc;
  return 0;
#endif
}

